Setted: Stick Names: Stick no object type 
Names: Stick Stick 
Setted: 0 6 
Setted: Stick Names: Stick no object type 
Names: Stick Stick 
Setted: 0 6 
Setted: Stick Names: Stick no object type 
Names: Stick Stick 
Setted: 0 6 
Setted: Stick Names: Stick no object type 
Names: Stick Stick 
Setted: 0 6 
Setted: Boat_Mast Names: Boat_Mast no object type 
Names: Boat_Mast Stick 
Names: Boat_Mast Leaf 
Names: Boat_Mast Walnut 
Names: Boat_Mast Key 
Names: Boat_Mast Goldkey 
Names: Boat_Mast Lantern 
Names: Boat_Mast Ground 
Names: Boat_Mast Special 
Setted: 7 6 
Setted: Leaf Names: Leaf no object type 
Names: Leaf Stick 
Names: Leaf Leaf 
Setted: 1 6 
Setted: Leaf Names: Leaf no object type 
Names: Leaf Stick 
Names: Leaf Leaf 
Setted: 1 6 
Setted: Leaf Names: Leaf no object type 
Names: Leaf Stick 
Names: Leaf Leaf 
Setted: 1 6 
Setted: Leaf Names: Leaf no object type 
Names: Leaf Stick 
Names: Leaf Leaf 
Setted: 1 6 
Setted: Boat_Sail Names: Boat_Sail no object type 
Names: Boat_Sail Stick 
Names: Boat_Sail Leaf 
Names: Boat_Sail Walnut 
Names: Boat_Sail Key 
Names: Boat_Sail Goldkey 
Names: Boat_Sail Lantern 
Names: Boat_Sail Ground 
Names: Boat_Sail Special 
Setted: 7 6 
Setted: Walnut Names: Walnut no object type 
Names: Walnut Stick 
Names: Walnut Leaf 
Names: Walnut Walnut 
Setted: 2 6 
Setted: Walnut Names: Walnut no object type 
Names: Walnut Stick 
Names: Walnut Leaf 
Names: Walnut Walnut 
Setted: 2 6 
Setted: Walnut Names: Walnut no object type 
Names: Walnut Stick 
Names: Walnut Leaf 
Names: Walnut Walnut 
Setted: 2 6 
Setted: Walnut Names: Walnut no object type 
Names: Walnut Stick 
Names: Walnut Leaf 
Names: Walnut Walnut 
Setted: 2 6 
Setted: Boat_Hull Names: Boat_Hull no object type 
Names: Boat_Hull Stick 
Names: Boat_Hull Leaf 
Names: Boat_Hull Walnut 
Names: Boat_Hull Key 
Names: Boat_Hull Goldkey 
Names: Boat_Hull Lantern 
Names: Boat_Hull Ground 
Names: Boat_Hull Special 
Setted: 7 6 
Setted: ANTBOAT Names: ANTBOAT no object type 
Names: ANTBOAT Stick 
Names: ANTBOAT Leaf 
Names: ANTBOAT Walnut 
Names: ANTBOAT Key 
Names: ANTBOAT Goldkey 
Names: ANTBOAT Lantern 
Names: ANTBOAT Ground 
Names: ANTBOAT Special 
Setted: 7 6 
Setted: Lantern Names: Lantern no object type 
Names: Lantern Stick 
Names: Lantern Leaf 
Names: Lantern Walnut 
Names: Lantern Key 
Names: Lantern Goldkey 
Names: Lantern Lantern 
Setted: 5 6 
Setted: Lantern Names: Lantern no object type 
Names: Lantern Stick 
Names: Lantern Leaf 
Names: Lantern Walnut 
Names: Lantern Key 
Names: Lantern Goldkey 
Names: Lantern Lantern 
Setted: 5 6 
Setted: Key124-143 Names: Key124-143 no object type 
Names: Key124-143 Stick 
Names: Key124-143 Leaf 
Names: Key124-143 Walnut 
Names: Key124-143 Key 
Names: Key124-143 Goldkey 
Names: Key124-143 Lantern 
Names: Key124-143 Ground 
Names: Key124-143 Special 
Setted: -1 6 
Setted: Key25-44 Names: Key25-44 no object type 
Names: Key25-44 Stick 
Names: Key25-44 Leaf 
Names: Key25-44 Walnut 
Names: Key25-44 Key 
Names: Key25-44 Goldkey 
Names: Key25-44 Lantern 
Names: Key25-44 Ground 
Names: Key25-44 Special 
Setted: -1 6 
Setted: Goldkey Names: Goldkey no object type 
Names: Goldkey Stick 
Names: Goldkey Leaf 
Names: Goldkey Walnut 
Names: Goldkey Key 
Names: Goldkey Goldkey 
Setted: 4 6 
Setted: Goldkey Names: Goldkey no object type 
Names: Goldkey Stick 
Names: Goldkey Leaf 
Names: Goldkey Walnut 
Names: Goldkey Key 
Names: Goldkey Goldkey 
Setted: 4 6 
Setted: Goldkey Names: Goldkey no object type 
Names: Goldkey Stick 
Names: Goldkey Leaf 
Names: Goldkey Walnut 
Names: Goldkey Key 
Names: Goldkey Goldkey 
Setted: 4 6 
Setted: Magicalkey Names: Magicalkey no object type 
Names: Magicalkey Stick 
Names: Magicalkey Leaf 
Names: Magicalkey Walnut 
Names: Magicalkey Key 
Names: Magicalkey Goldkey 
Names: Magicalkey Lantern 
Names: Magicalkey Ground 
Names: Magicalkey Special 
Setted: -1 6 
Setted: Rock Names: Rock no object type 
Names: Rock Stick 
Names: Rock Leaf 
Names: Rock Walnut 
Names: Rock Key 
Names: Rock Goldkey 
Names: Rock Lantern 
Names: Rock Ground 
Names: Rock Special 
Setted: -1 6 
Setted: Rock Names: Rock no object type 
Names: Rock Stick 
Names: Rock Leaf 
Names: Rock Walnut 
Names: Rock Key 
Names: Rock Goldkey 
Names: Rock Lantern 
Names: Rock Ground 
Names: Rock Special 
Setted: -1 6 
Setted: Rock Names: Rock no object type 
Names: Rock Stick 
Names: Rock Leaf 
Names: Rock Walnut 
Names: Rock Key 
Names: Rock Goldkey 
Names: Rock Lantern 
Names: Rock Ground 
Names: Rock Special 
Setted: -1 6 
Setted: Stick Names: Stick no object type 
Names: Stick Stick 
Setted: 0 6 
Setted: Leaf Names: Leaf no object type 
Names: Leaf Stick 
Names: Leaf Leaf 
Setted: 1 6 
Setted: Walnut Names: Walnut no object type 
Names: Walnut Stick 
Names: Walnut Leaf 
Names: Walnut Walnut 
Setted: 2 6 
Setted: Lantern Names: Lantern no object type 
Names: Lantern Stick 
Names: Lantern Leaf 
Names: Lantern Walnut 
Names: Lantern Key 
Names: Lantern Goldkey 
Names: Lantern Lantern 
Setted: 5 6 
2929 generated Created: 0 Setted: Ground Names: Ground no object type 
Names: Ground Stick 
Names: Ground Leaf 
Names: Ground Walnut 
Names: Ground Key 
Names: Ground Goldkey 
Names: Ground Lantern 
Names: Ground Ground 
Setted: 6 6 
 I: 0 Loc : 154 LIGHT : 1 == 1
 Created: 1 Setted: Ground Names: Ground no object type 
Names: Ground Stick 
Names: Ground Leaf 
Names: Ground Walnut 
Names: Ground Key 
Names: Ground Goldkey 
Names: Ground Lantern 
Names: Ground Ground 
Setted: 6 6 
 I: 1 Loc : 235 LIGHT : 1 == 1
 Created: 2 Setted: Ground Names: Ground no object type 
Names: Ground Stick 
Names: Ground Leaf 
Names: Ground Walnut 
Names: Ground Key 
Names: Ground Goldkey 
Names: Ground Lantern 
Names: Ground Ground 
Setted: 6 6 
 I: 2 Loc : 223 LIGHT : 1 == 1
 Created: 3 Setted: Ground Names: Ground no object type 
Names: Ground Stick 
Names: Ground Leaf 
Names: Ground Walnut 
Names: Ground Key 
Names: Ground Goldkey 
Names: Ground Lantern 
Names: Ground Ground 
Setted: 6 6 
 I: 3 Loc : 135 LIGHT : 1 == 1
 Created: 4 Setted: Ground Names: Ground no object type 
Names: Ground Stick 
Names: Ground Leaf 
Names: Ground Walnut 
Names: Ground Key 
Names: Ground Goldkey 
Names: Ground Lantern 
Names: Ground Ground 
Setted: 6 6 
 I: 4 Loc : 144 LIGHT : 1 == 1
 FIN BUCLE  